20/07/2024 20-23-00 timezone: +0300: Program Started!!!
20/07/2024 20-23-00 timezone: +0300: Position Changed
20/07/2024 20-23-05 timezone: +0300: Position Changed
20/07/2024 20-23-10 timezone: +0300: Position Changed
20/07/2024 20-23-15 timezone: +0300: Position Changed
20/07/2024 20-23-20 timezone: +0300: Position Changed
20/07/2024 20-23-25 timezone: +0300: Nothing Changed, message appeared
20/07/2024 20-23-31 timezone: +0300: Reaction at the box message
20/07/2024 20-23-36 timezone: +0300: Position Changed
20/07/2024 20-23-41 timezone: +0300: Position Changed
20/07/2024 20-23-46 timezone: +0300: Position Changed
20/07/2024 20-26-42 timezone: +0300: Program Started!!!
20/07/2024 20-26-42 timezone: +0300: Position Changed
20/07/2024 20-26-47 timezone: +0300: Position Changed
20/07/2024 20-26-52 timezone: +0300: Position Changed
20/07/2024 20-26-53 timezone: +0300: Program Closed
20/07/2024 20-46-01 timezone: +0300: Program Started!!!
20/07/2024 20-46-01 timezone: +0300: Position Changed
20/07/2024 20-46-06 timezone: +0300: Position Changed
20/07/2024 20-46-11 timezone: +0300: Position Changed
20/07/2024 20-46-16 timezone: +0300: Position Changed
20/07/2024 20-46-21 timezone: +0300: Program Closed
20/07/2024 20-47-51 timezone: +0300: Program Started!!!
20/07/2024 20-47-51 timezone: +0300: Position Changed
20/07/2024 20-47-56 timezone: +0300: Position Changed
20/07/2024 20-48-01 timezone: +0300: Position Changed
20/07/2024 20-48-06 timezone: +0300: Position Changed
20/07/2024 20-48-07 timezone: +0300: Program Closed
20/07/2024 20-48-29 timezone: +0300: Program Started!!!
20/07/2024 20-48-29 timezone: +0300: Position Changed
20/07/2024 20-48-31 timezone: +0300: Program Closed

20/07/2024 20-48-33 timezone: +0300: Program Started!!!
20/07/2024 20-48-33 timezone: +0300: Position Changed
20/07/2024 20-48-35 timezone: +0300: Program Closed

20/07/2024 20-49-16 timezone: +0300: Program Started!!!
20/07/2024 20-49-16 timezone: +0300: Position Changed
20/07/2024 20-49-21 timezone: +0300: Program Closed

20/07/2024 20-49-33 timezone: +0300: Program Started!!!
20/07/2024 20-49-33 timezone: +0300: Something wrong with cfg file or there is no one, interval is 1 hour
20/07/2024 20-49-33 timezone: +0300: Position Changed
20/07/2024 20-49-38 timezone: +0300: Position Changed
20/07/2024 20-49-43 timezone: +0300: Position Changed
20/07/2024 20-49-48 timezone: +0300: Position Changed
20/07/2024 20-49-53 timezone: +0300: Position Changed
20/07/2024 20-49-58 timezone: +0300: Position Changed
20/07/2024 20-50-03 timezone: +0300: Position Changed
20/07/2024 20-50-08 timezone: +0300: Position Changed
20/07/2024 20-50-11 timezone: +0300: Program Closed

20/07/2024 20-50-13 timezone: +0300: Program Started!!!
20/07/2024 20-50-13 timezone: +0300: Something wrong with cfg file or there is no one, interval is 1 hour
20/07/2024 20-50-13 timezone: +0300: Position Changed
20/07/2024 20-50-18 timezone: +0300: Position Changed
20/07/2024 20-50-22 timezone: +0300: Program Closed

20/07/2024 20-50-46 timezone: +0300: Program Started!!!
20/07/2024 20-50-46 timezone: +0300: Something wrong with cfg file or there is no one, interval is 1 hour
20/07/2024 20-50-46 timezone: +0300: Position Changed
20/07/2024 20-50-48 timezone: +0300: Program Closed

20/07/2024 20-51-07 timezone: +0300: Program Started!!!
20/07/2024 20-51-07 timezone: +0300: Something wrong with cfg file or there is no one, interval is 1 hour
20/07/2024 20-51-07 timezone: +0300: Position Changed
20/07/2024 20-51-10 timezone: +0300: Program Closed

20/07/2024 20-52-26 timezone: +0300: Program Started!!!
20/07/2024 20-52-26 timezone: +0300: Something wrong with cfg file or there is no one, interval is 1 hour
20/07/2024 20-52-26 timezone: +0300: Position Changed
20/07/2024 20-52-29 timezone: +0300: Program Closed

20/07/2024 20-52-41 timezone: +0300: Program Started!!!
20/07/2024 20-52-41 timezone: +0300: Something wrong with cfg file or there is no one, interval is 1 hour
20/07/2024 20-52-41 timezone: +0300: Position Changed
20/07/2024 20-52-44 timezone: +0300: Program Closed

20/07/2024 20-52-54 timezone: +0300: Program Started!!!
20/07/2024 20-52-54 timezone: +0300: Something wrong with cfg file or there is no one, interval is 1 hour
20/07/2024 20-52-54 timezone: +0300: Position Changed
20/07/2024 20-52-57 timezone: +0300: Program Closed

20/07/2024 20-53-49 timezone: +0300: Program Started!!!
20/07/2024 20-53-49 timezone: +0300: Interval parameter is good, interval is 56 hour
20/07/2024 20-53-49 timezone: +0300: Position Changed
20/07/2024 20-53-51 timezone: +0300: Program Closed

20/07/2024 20-54-08 timezone: +0300: Program Started!!!
20/07/2024 20-54-08 timezone: +0300: Interval parameter is good, interval is 56 hour
20/07/2024 20-54-08 timezone: +0300: Position Changed
20/07/2024 20-54-13 timezone: +0300: Position Changed
20/07/2024 20-54-14 timezone: +0300: Program Closed

20/07/2024 20-55-50 timezone: +0300: Program Started!!!
20/07/2024 20-55-50 timezone: +0300: Interval parameter is good, interval is 56 hour
20/07/2024 20-55-50 timezone: +0300: Position Changed
20/07/2024 20-55-56 timezone: +0300: Program Closed

20/07/2024 20-56-27 timezone: +0300: Program Started!!!
20/07/2024 20-56-27 timezone: +0300: Something wrong with cfg file or there is no one, interval is 1 minute(s)
20/07/2024 20-56-27 timezone: +0300: Position Changed
20/07/2024 20-56-30 timezone: +0300: Program Closed

20/07/2024 20-56-42 timezone: +0300: Program Started!!!
20/07/2024 20-56-42 timezone: +0300: Something wrong with cfg file or there is no one, interval is 1 minute(s)
20/07/2024 20-56-42 timezone: +0300: Position Changed
20/07/2024 20-56-44 timezone: +0300: Program Closed

20/07/2024 20-59-48 timezone: +0300: Program Started!!!
20/07/2024 20-59-48 timezone: +0300: Interval parameter is good, interval is 2 hour
20/07/2024 20-59-48 timezone: +0300: Position Changed
20/07/2024 21-00-18 timezone: +0300: Program Closed

20/07/2024 21:11:25 timezone: +0300: Program Started!!!
20/07/2024 21:11:25 timezone: +0300: Interval parameter is good, interval is 2 minute(s)
20/07/2024 21:11:25 timezone: +0300: Position Changed
20/07/2024 21:11:55 timezone: +0300: Program Closed

